<?xml version="1.0" encoding="UTF-8"?>
<!-- Generated by org.testng.reporters.JUnitXMLReporter -->
<testsuite ignored="0" hostname="LAPTOP-52U6QBDA" failures="0" tests="3" name="End To End Automation Test" time="21.029" errors="0" timestamp="2025-12-19T17:19:17 IST">
  <testcase classname="SourabhAutomationProject.TestComponents.EndToEndAutomation" name="submitOrder" time="4.855"/>
  <testcase classname="SourabhAutomationProject.TestComponents.EndToEndAutomation" name="submitOrder" time="5.006"/>
  <testcase classname="SourabhAutomationProject.TestComponents.EndToEndAutomation" name="orderHistory" time="1.462"/>
</testsuite> <!-- End To End Automation Test -->
