<?xml version="1.0" encoding="UTF-8"?>
<!-- Generated by org.testng.reporters.JUnitXMLReporter -->
<testsuite ignored="0" hostname="LAPTOP-52U6QBDA" failures="1" tests="3" name="Error Validation Test" time="38.139" errors="0" timestamp="2025-12-19T17:19:34 IST">
  <testcase classname="SourabhAutomationProject.TestComponents.ErrorValidation" name="loginErrorValidation" time="0.92"/>
  <testcase classname="SourabhAutomationProject.TestComponents.ErrorValidation" name="productErrorValidation" time="22.8">
    <skipped/>
  </testcase> <!-- productErrorValidation -->
  <testcase classname="SourabhAutomationProject.TestComponents.ErrorValidation" name="productErrorValidation" time="3.414">
    <failure type="java.lang.AssertionError" message="expected [true] but found [false]">
      <![CDATA[java.lang.AssertionError: expected [true] but found [false]
at SourabhAutomationProject.TestComponents.ErrorValidation.productErrorValidation(ErrorValidation.java:34)
at java.base/java.util.ArrayList.forEach(ArrayList.java:1596)
at java.base/java.util.concurrent.FutureTask.run(FutureTask.java:317)
at java.base/java.util.concurrent.ThreadPoolExecutor.runWorker(ThreadPoolExecutor.java:1144)
at java.base/java.util.concurrent.ThreadPoolExecutor$Worker.run(ThreadPoolExecutor.java:642)
at java.base/java.lang.Thread.run(Thread.java:1583)
... Removed 19 stack frames]]>
    </failure>
  </testcase> <!-- productErrorValidation -->
</testsuite> <!-- Error Validation Test -->
