<?xml version="1.0" encoding="UTF-8"?>
<!-- Generated by org.testng.reporters.JUnitXMLReporter -->
<testsuite ignored="1" hostname="LAPTOP-52U6QBDA" failures="1" tests="1" name="Test and Main Functionalities" time="0.057" errors="0" timestamp="2025-12-17T11:34:29 IST">
  <testcase classname="SourabhAutomationProjects.TestComponents.BaseTest" name="@AfterTest closingWindows" time="0.003">
    <failure type="java.lang.NullPointerException" message="Cannot invoke &amp;quot;org.openqa.selenium.WebDriver.quit()&amp;quot; because &amp;quot;this.driver&amp;quot; is null">
      <![CDATA[java.lang.NullPointerException: Cannot invoke "org.openqa.selenium.WebDriver.quit()" because "this.driver" is null
at SourabhAutomationProjects.TestComponents.BaseTest.closingWindows(BaseTest.java:94)
... Removed 22 stack frames]]>
    </failure>
  </testcase> <!-- @AfterTest closingWindows -->
  <testcase classname="SourabhAutomationProjects.tests.ECommerceWebSiteAutomation2" name="submitOrder" time="0.009">
    <failure type="java.io.FileNotFoundException" message="C:\Users\Sayali\eclipse-workspace\SeleniumFrameworkDesign\src\test\java\SourabhAutomationProjects\Resources\GlobalProperties.properties (The system cannot find the path specified)">
      <![CDATA[java.io.FileNotFoundException: C:\Users\Sayali\eclipse-workspace\SeleniumFrameworkDesign\src\test\java\SourabhAutomationProjects\Resources\GlobalProperties.properties (The system cannot find the path specified)
at java.base/java.io.FileInputStream.open0(Native Method)
at java.base/java.io.FileInputStream.open(FileInputStream.java:213)
at java.base/java.io.FileInputStream.<init>(FileInputStream.java:152)
at java.base/java.io.FileInputStream.<init>(FileInputStream.java:106)
at SourabhAutomationProjects.TestComponents.BaseTest.driverInitialization(BaseTest.java:29)
at SourabhAutomationProjects.TestComponents.BaseTest.launchApplication(BaseTest.java:78)
at SourabhAutomationProjects.tests.ECommerceWebSiteAutomation2.submitOrder(ECommerceWebSiteAutomation2.java:29)
at java.base/java.util.ArrayList.forEach(ArrayList.java:1596)
... Removed 25 stack frames]]>
    </failure>
  </testcase> <!-- submitOrder -->
  <testcase classname="SourabhAutomationProjects.TestComponents.BaseTest" name="@AfterTest closingWindows" time="0.0">
    <ignored/>
  </testcase> <!-- @AfterTest closingWindows -->
</testsuite> <!-- Test and Main Functionalities -->
