<?xml version="1.0" encoding="UTF-8"?>
<!-- Generated by org.testng.reporters.JUnitXMLReporter -->
<testsuite ignored="4" hostname="LAPTOP-52U6QBDA" failures="1" tests="3" name="Test" time="14.297" errors="0" timestamp="2025-12-17T20:38:12 IST">
  <testcase classname="SourabhAutomationProject.TestComponents.ErrorValidation" name="loginErrorValidation" time="4.087"/>
  <testcase classname="SourabhAutomationProject.TestComponents.EndToEndAutomation" name="submitOrder" time="8.686"/>
  <testcase classname="SourabhAutomationProject.TestComponents.ErrorValidation" name="productErrorValidation" time="4.634">
    <failure type="java.lang.NullPointerException" message="Cannot invoke &amp;quot;org.openqa.selenium.WebElement.findElement(org.openqa.selenium.By)&amp;quot; because &amp;quot;prod&amp;quot; is null">
      <![CDATA[java.lang.NullPointerException: Cannot invoke "org.openqa.selenium.WebElement.findElement(org.openqa.selenium.By)" because "prod" is null
at SourabhAutomationProject.PageObjectModel.ProductCatalogue.addToCart(ProductCatalogue.java:72)
at SourabhAutomationProject.TestComponents.ErrorValidation.productErrorValidation(ErrorValidation.java:36)
at java.base/java.util.concurrent.Executors$RunnableAdapter.call(Executors.java:572)
at java.base/java.util.concurrent.FutureTask.run(FutureTask.java:317)
at java.base/java.util.concurrent.ThreadPoolExecutor.runWorker(ThreadPoolExecutor.java:1144)
at java.base/java.util.concurrent.ThreadPoolExecutor$Worker.run(ThreadPoolExecutor.java:642)
at java.base/java.lang.Thread.run(Thread.java:1583)
... Removed 11 stack frames]]>
    </failure>
  </testcase> <!-- productErrorValidation -->
  <testcase classname="SourabhAutomationProject.TestComponents.BaseTest" name="@BeforeTest launchApplication" time="0.0">
    <ignored/>
  </testcase> <!-- @BeforeTest launchApplication -->
  <testcase classname="SourabhAutomationProject.TestComponents.BaseTest" name="@AfterTest InitializeDriver" time="0.0">
    <ignored/>
  </testcase> <!-- @AfterTest InitializeDriver -->
  <testcase classname="SourabhAutomationProject.TestComponents.BaseTest" name="@BeforeTest launchApplication" time="0.0">
    <ignored/>
  </testcase> <!-- @BeforeTest launchApplication -->
  <testcase classname="SourabhAutomationProject.TestComponents.BaseTest" name="@AfterTest InitializeDriver" time="0.0">
    <ignored/>
  </testcase> <!-- @AfterTest InitializeDriver -->
</testsuite> <!-- Test -->
