<?xml version="1.0" encoding="UTF-8"?>
<!-- Generated by org.testng.reporters.JUnitReportReporter -->
<testsuite hostname="LAPTOP-52U6QBDA" failures="0" tests="3" name="SourabhAutomationProject.TestComponents.EndToEndAutomation" time="31.125" errors="0" timestamp="2025-12-23T18:51:30 IST" skipped="0">
  <testcase classname="SourabhAutomationProject.TestComponents.EndToEndAutomation" name="orderHistory" time="6.843"/>
  <testcase classname="SourabhAutomationProject.TestComponents.EndToEndAutomation" name="submitOrder" time="10.423"/>
  <testcase classname="SourabhAutomationProject.TestComponents.EndToEndAutomation" name="submitOrder" time="13.859"/>
</testsuite> <!-- SourabhAutomationProject.TestComponents.EndToEndAutomation -->
